# JRE version: OpenJDK Runtime Environment Temurin-17.0.1+12 (17.0.1+12) (build 17.0.1+12)
# Java VM: OpenJDK 64-Bit Server VM Temurin-17.0.1+12 (17.0.1+12, mixed mode, tiered, compressed oops, compressed class ptrs, parallel gc, linux-amd64)
GC Precious Log:
 CPUs: 4 total, 4 available
 Memory: 3809M
 Large Page Support: Disabled
 NUMA Support: Disabled
 Compressed Oops: Enabled (32-bit)
 Alignments: Space 512K, Generation 512K, Heap 2M
 Heap Min Capacity: 100M
 Heap Initial Capacity: 100M
 Heap Max Capacity: 1G
 Pre-touch: Disabled
 Parallel Workers: 4
Heap:
 PSYoungGen      total 10752K, used 10400K [0x00000000eab00000, 0x00000000ebc00000, 0x0000000100000000)
  eden space 10240K, 100% used [0x00000000eab00000,0x00000000eb500000,0x00000000eb500000)
  from space 512K, 31% used [0x00000000ebb80000,0x00000000ebba8000,0x00000000ebc00000)
  to   space 512K, 23% used [0x00000000ebb00000,0x00000000ebb1d9e0,0x00000000ebb80000)
 ParOldGen       total 179712K, used 165359K [0x00000000c0000000, 0x00000000caf80000, 0x00000000eab00000)
  object space 179712K, 92% used [0x00000000c0000000,0x00000000ca17be10,0x00000000caf80000)
 Metaspace       used 100444K, committed 101760K, reserved 1146880K
  class space    used 9356K, committed 9984K, reserved 1048576K
GC Heap History (20 events):
Event: 13704.127 GC heap after
{Heap after GC invocations=15812 (full 401):
 PSYoungGen      total 16384K, used 4096K [0x00000000eab00000, 0x00000000ec100000, 0x0000000100000000)
  eden space 10240K, 0% used [0x00000000eab00000,0x00000000eab00000,0x00000000eb500000)
  from space 6144K, 66% used [0x00000000eb500000,0x00000000eb9002a0,0x00000000ebb00000)
  to   space 5120K, 0% used [0x00000000ebc00000,0x00000000ebc00000,0x00000000ec100000)
 ParOldGen       total 179712K, used 133395K [0x00000000c0000000, 0x00000000caf80000, 0x00000000eab00000)
  object space 179712K, 74% used [0x00000000c0000000,0x00000000c8244e10,0x00000000caf80000)
 Metaspace       used 100410K, committed 101760K, reserved 1146880K
  class space    used 9356K, committed 9984K, reserved 1048576K
}
Event: 13711.789 GC heap before
{Heap before GC invocations=15813 (full 401):
 PSYoungGen      total 16384K, used 14336K [0x00000000eab00000, 0x00000000ec100000, 0x0000000100000000)
  eden space 10240K, 100% used [0x00000000eab00000,0x00000000eb500000,0x00000000eb500000)
  from space 6144K, 66% used [0x00000000eb500000,0x00000000eb9002a0,0x00000000ebb00000)
  to   space 5120K, 0% used [0x00000000ebc00000,0x00000000ebc00000,0x00000000ec100000)
 ParOldGen       total 179712K, used 164115K [0x00000000c0000000, 0x00000000caf80000, 0x00000000eab00000)
  object space 179712K, 91% used [0x00000000c0000000,0x00000000ca044e40,0x00000000caf80000)
 Metaspace       used 100410K, committed 101760K, reserved 1146880K
  class space    used 9356K, committed 9984K, reserved 1048576K
}
Event: 13711.795 GC heap after
{Heap after GC invocations=15813 (full 401):
 PSYoungGen      total 11264K, used 868K [0x00000000eab00000, 0x00000000ebd00000, 0x0000000100000000)
  eden space 10240K, 0% used [0x00000000eab00000,0x00000000eab00000,0x00000000eb500000)
  from space 1024K, 84% used [0x00000000ebc00000,0x00000000ebcd9210,0x00000000ebd00000)
  to   space 2560K, 0% used [0x00000000eb800000,0x00000000eb800000,0x00000000eba80000)
 ParOldGen       total 179712K, used 164288K [0x00000000c0000000, 0x00000000caf80000, 0x00000000eab00000)
  object space 179712K, 91% used [0x00000000c0000000,0x00000000ca070040,0x00000000caf80000)
 Metaspace       used 100410K, committed 101760K, reserved 1146880K
  class space    used 9356K, committed 9984K, reserved 1048576K
}
Event: 13815.539 GC heap before
{Heap before GC invocations=15814 (full 401):
 PSYoungGen      total 11264K, used 11108K [0x00000000eab00000, 0x00000000ebd00000, 0x0000000100000000)
  eden space 10240K, 100% used [0x00000000eab00000,0x00000000eb500000,0x00000000eb500000)
  from space 1024K, 84% used [0x00000000ebc00000,0x00000000ebcd9210,0x00000000ebd00000)
  to   space 2560K, 0% used [0x00000000eb800000,0x00000000eb800000,0x00000000eba80000)
 ParOldGen       total 179712K, used 164288K [0x00000000c0000000, 0x00000000caf80000, 0x00000000eab00000)
  object space 179712K, 91% used [0x00000000c0000000,0x00000000ca070040,0x00000000caf80000)
 Metaspace       used 100411K, committed 101760K, reserved 1146880K
  class space    used 9356K, committed 9984K, reserved 1048576K
}
Event: 13815.551 GC heap after
{Heap after GC invocations=15814 (full 401):
 PSYoungGen      total 12800K, used 160K [0x00000000eab00000, 0x00000000ebc80000, 0x0000000100000000)
  eden space 10240K, 0% used [0x00000000eab00000,0x00000000eab00000,0x00000000eb500000)
  from space 2560K, 6% used [0x00000000eb800000,0x00000000eb828000,0x00000000eba80000)
  to   space 1024K, 0% used [0x00000000ebb80000,0x00000000ebb80000,0x00000000ebc80000)
 ParOldGen       total 179712K, used 165087K [0x00000000c0000000, 0x00000000caf80000, 0x00000000eab00000)
  object space 179712K, 91% used [0x00000000c0000000,0x00000000ca137e10,0x00000000caf80000)
 Metaspace       used 100411K, committed 101760K, reserved 1146880K
  class space    used 9356K, committed 9984K, reserved 1048576K
}
Event: 13937.085 GC heap before
{Heap before GC invocations=15815 (full 401):
 PSYoungGen      total 12800K, used 10400K [0x00000000eab00000, 0x00000000ebc80000, 0x0000000100000000)
  eden space 10240K, 100% used [0x00000000eab00000,0x00000000eb500000,0x00000000eb500000)
  from space 2560K, 6% used [0x00000000eb800000,0x00000000eb828000,0x00000000eba80000)
  to   space 1024K, 0% used [0x00000000ebb80000,0x00000000ebb80000,0x00000000ebc80000)
 ParOldGen       total 179712K, used 165087K [0x00000000c0000000, 0x00000000caf80000, 0x00000000eab00000)
  object space 179712K, 91% used [0x00000000c0000000,0x00000000ca137e10,0x00000000caf80000)
 Metaspace       used 100413K, committed 101760K, reserved 1146880K
  class space    used 9356K, committed 9984K, reserved 1048576K
}
Event: 13937.153 GC heap after
{Heap after GC invocations=15815 (full 401):
 PSYoungGen      total 10752K, used 128K [0x00000000eab00000, 0x00000000ebc00000, 0x0000000100000000)
  eden space 10240K, 0% used [0x00000000eab00000,0x00000000eab00000,0x00000000eb500000)
  from space 512K, 25% used [0x00000000ebb80000,0x00000000ebba0000,0x00000000ebc00000)
  to   space 512K, 0% used [0x00000000ebb00000,0x00000000ebb00000,0x00000000ebb80000)
 ParOldGen       total 179712K, used 165127K [0x00000000c0000000, 0x00000000caf80000, 0x00000000eab00000)
  object space 179712K, 91% used [0x00000000c0000000,0x00000000ca141e10,0x00000000caf80000)
 Metaspace       used 100413K, committed 101760K, reserved 1146880K
  class space    used 9356K, committed 9984K, reserved 1048576K
}
Event: 14022.049 GC heap before
{Heap before GC invocations=15816 (full 401):
 PSYoungGen      total 10752K, used 10368K [0x00000000eab00000, 0x00000000ebc00000, 0x0000000100000000)
  eden space 10240K, 100% used [0x00000000eab00000,0x00000000eb500000,0x00000000eb500000)
  from space 512K, 25% used [0x00000000ebb80000,0x00000000ebba0000,0x00000000ebc00000)
  to   space 512K, 0% used [0x00000000ebb00000,0x00000000ebb00000,0x00000000ebb80000)
 ParOldGen       total 179712K, used 165127K [0x00000000c0000000, 0x00000000caf80000, 0x00000000eab00000)
  object space 179712K, 91% used [0x00000000c0000000,0x00000000ca141e10,0x00000000caf80000)
 Metaspace       used 100413K, committed 101760K, reserved 1146880K
  class space    used 9356K, committed 9984K, reserved 1048576K
}
Event: 14022.055 GC heap after
{Heap after GC invocations=15816 (full 401):
 PSYoungGen      total 10752K, used 160K [0x00000000eab00000, 0x00000000ebc00000, 0x0000000100000000)
  eden space 10240K, 0% used [0x00000000eab00000,0x00000000eab00000,0x00000000eb500000)
  from space 512K, 31% used [0x00000000ebb00000,0x00000000ebb28000,0x00000000ebb80000)
  to   space 512K, 0% used [0x00000000ebb80000,0x00000000ebb80000,0x00000000ebc00000)
 ParOldGen       total 179712K, used 165167K [0x00000000c0000000, 0x00000000caf80000, 0x00000000eab00000)
  object space 179712K, 91% used [0x00000000c0000000,0x00000000ca14be10,0x00000000caf80000)
 Metaspace       used 100413K, committed 101760K, reserved 1146880K
  class space    used 9356K, committed 9984K, reserved 1048576K
}
Event: 14110.390 GC heap before
{Heap before GC invocations=15817 (full 401):
 PSYoungGen      total 10752K, used 10400K [0x00000000eab00000, 0x00000000ebc00000, 0x0000000100000000)
  eden space 10240K, 100% used [0x00000000eab00000,0x00000000eb500000,0x00000000eb500000)
  from space 512K, 31% used [0x00000000ebb00000,0x00000000ebb28000,0x00000000ebb80000)
  to   space 512K, 0% used [0x00000000ebb80000,0x00000000ebb80000,0x00000000ebc00000)
 ParOldGen       total 179712K, used 165167K [0x00000000c0000000, 0x00000000caf80000, 0x00000000eab00000)
  object space 179712K, 91% used [0x00000000c0000000,0x00000000ca14be10,0x00000000caf80000)
 Metaspace       used 100413K, committed 101760K, reserved 1146880K
  class space    used 9356K, committed 9984K, reserved 1048576K
}
Event: 14110.394 GC heap after
{Heap after GC invocations=15817 (full 401):
 PSYoungGen      total 10752K, used 160K [0x00000000eab00000, 0x00000000ebc00000, 0x0000000100000000)
  eden space 10240K, 0% used [0x00000000eab00000,0x00000000eab00000,0x00000000eb500000)
  from space 512K, 31% used [0x00000000ebb80000,0x00000000ebba8000,0x00000000ebc00000)
  to   space 512K, 0% used [0x00000000ebb00000,0x00000000ebb00000,0x00000000ebb80000)
 ParOldGen       total 179712K, used 165199K [0x00000000c0000000, 0x00000000caf80000, 0x00000000eab00000)
  object space 179712K, 91% used [0x00000000c0000000,0x00000000ca153e10,0x00000000caf80000)
 Metaspace       used 100413K, committed 101760K, reserved 1146880K
  class space    used 9356K, committed 9984K, reserved 1048576K
}
Event: 14173.252 GC heap before
{Heap before GC invocations=15818 (full 401):
 PSYoungGen      total 10752K, used 10400K [0x00000000eab00000, 0x00000000ebc00000, 0x0000000100000000)
  eden space 10240K, 100% used [0x00000000eab00000,0x00000000eb500000,0x00000000eb500000)
  from space 512K, 31% used [0x00000000ebb80000,0x00000000ebba8000,0x00000000ebc00000)
  to   space 512K, 0% used [0x00000000ebb00000,0x00000000ebb00000,0x00000000ebb80000)
 ParOldGen       total 179712K, used 165199K [0x00000000c0000000, 0x00000000caf80000, 0x00000000eab00000)
  object space 179712K, 91% used [0x00000000c0000000,0x00000000ca153e10,0x00000000caf80000)
 Metaspace       used 100414K, committed 101760K, reserved 1146880K
  class space    used 9356K, committed 9984K, reserved 1048576K
}
Event: 14173.255 GC heap after
{Heap after GC invocations=15818 (full 401):
 PSYoungGen      total 10752K, used 192K [0x00000000eab00000, 0x00000000ebc00000, 0x0000000100000000)
  eden space 10240K, 0% used [0x00000000eab00000,0x00000000eab00000,0x00000000eb500000)
  from space 512K, 37% used [0x00000000ebb00000,0x00000000ebb30000,0x00000000ebb80000)
  to   space 512K, 0% used [0x00000000ebb80000,0x00000000ebb80000,0x00000000ebc00000)
 ParOldGen       total 179712K, used 165231K [0x00000000c0000000, 0x00000000caf80000, 0x00000000eab00000)
  object space 179712K, 91% used [0x00000000c0000000,0x00000000ca15be10,0x00000000caf80000)
 Metaspace       used 100414K, committed 101760K, reserved 1146880K
  class space    used 9356K, committed 9984K, reserved 1048576K
}
Event: 14213.723 GC heap before
{Heap before GC invocations=15819 (full 401):
 PSYoungGen      total 10752K, used 10432K [0x00000000eab00000, 0x00000000ebc00000, 0x0000000100000000)
  eden space 10240K, 100% used [0x00000000eab00000,0x00000000eb500000,0x00000000eb500000)
  from space 512K, 37% used [0x00000000ebb00000,0x00000000ebb30000,0x00000000ebb80000)
  to   space 512K, 0% used [0x00000000ebb80000,0x00000000ebb80000,0x00000000ebc00000)
 ParOldGen       total 179712K, used 165231K [0x00000000c0000000, 0x00000000caf80000, 0x00000000eab00000)
  object space 179712K, 91% used [0x00000000c0000000,0x00000000ca15be10,0x00000000caf80000)
 Metaspace       used 100419K, committed 101760K, reserved 1146880K
  class space    used 9356K, committed 9984K, reserved 1048576K
}
Event: 14213.733 GC heap after
{Heap after GC invocations=15819 (full 401):
 PSYoungGen      total 10752K, used 224K [0x00000000eab00000, 0x00000000ebc00000, 0x0000000100000000)
  eden space 10240K, 0% used [0x00000000eab00000,0x00000000eab00000,0x00000000eb500000)
  from space 512K, 43% used [0x00000000ebb80000,0x00000000ebbb8000,0x00000000ebc00000)
  to   space 512K, 0% used [0x00000000ebb00000,0x00000000ebb00000,0x00000000ebb80000)
 ParOldGen       total 179712K, used 165279K [0x00000000c0000000, 0x00000000caf80000, 0x00000000eab00000)
  object space 179712K, 91% used [0x00000000c0000000,0x00000000ca167e10,0x00000000caf80000)
 Metaspace       used 100419K, committed 101760K, reserved 1146880K
  class space    used 9356K, committed 9984K, reserved 1048576K
}
Event: 14334.052 GC heap before
{Heap before GC invocations=15820 (full 401):
 PSYoungGen      total 10752K, used 10464K [0x00000000eab00000, 0x00000000ebc00000, 0x0000000100000000)
  eden space 10240K, 100% used [0x00000000eab00000,0x00000000eb500000,0x00000000eb500000)
  from space 512K, 43% used [0x00000000ebb80000,0x00000000ebbb8000,0x00000000ebc00000)
  to   space 512K, 0% used [0x00000000ebb00000,0x00000000ebb00000,0x00000000ebb80000)
 ParOldGen       total 179712K, used 165279K [0x00000000c0000000, 0x00000000caf80000, 0x00000000eab00000)
  object space 179712K, 91% used [0x00000000c0000000,0x00000000ca167e10,0x00000000caf80000)
 Metaspace       used 100420K, committed 101760K, reserved 1146880K
  class space    used 9356K, committed 9984K, reserved 1048576K
}
Event: 14334.113 GC heap after
{Heap after GC invocations=15820 (full 401):
 PSYoungGen      total 10752K, used 192K [0x00000000eab00000, 0x00000000ebc00000, 0x0000000100000000)
  eden space 10240K, 0% used [0x00000000eab00000,0x00000000eab00000,0x00000000eb500000)
  from space 512K, 37% used [0x00000000ebb00000,0x00000000ebb30000,0x00000000ebb80000)
  to   space 512K, 0% used [0x00000000ebb80000,0x00000000ebb80000,0x00000000ebc00000)
 ParOldGen       total 179712K, used 165311K [0x00000000c0000000, 0x00000000caf80000, 0x00000000eab00000)
  object space 179712K, 91% used [0x00000000c0000000,0x00000000ca16fe10,0x00000000caf80000)
 Metaspace       used 100420K, committed 101760K, reserved 1146880K
  class space    used 9356K, committed 9984K, reserved 1048576K
}
Event: 14382.958 GC heap before
{Heap before GC invocations=15821 (full 401):
 PSYoungGen      total 10752K, used 10432K [0x00000000eab00000, 0x00000000ebc00000, 0x0000000100000000)
  eden space 10240K, 100% used [0x00000000eab00000,0x00000000eb500000,0x00000000eb500000)
  from space 512K, 37% used [0x00000000ebb00000,0x00000000ebb30000,0x00000000ebb80000)
  to   space 512K, 0% used [0x00000000ebb80000,0x00000000ebb80000,0x00000000ebc00000)
 ParOldGen       total 179712K, used 165311K [0x00000000c0000000, 0x00000000caf80000, 0x00000000eab00000)
  object space 179712K, 91% used [0x00000000c0000000,0x00000000ca16fe10,0x00000000caf80000)
 Metaspace       used 100433K, committed 101760K, reserved 1146880K
  class space    used 9356K, committed 9984K, reserved 1048576K
}
Event: 14382.963 GC heap after
{Heap after GC invocations=15821 (full 401):
 PSYoungGen      total 10752K, used 160K [0x00000000eab00000, 0x00000000ebc00000, 0x0000000100000000)
  eden space 10240K, 0% used [0x00000000eab00000,0x00000000eab00000,0x00000000eb500000)
  from space 512K, 31% used [0x00000000ebb80000,0x00000000ebba8000,0x00000000ebc00000)
  to   space 512K, 0% used [0x00000000ebb00000,0x00000000ebb00000,0x00000000ebb80000)
 ParOldGen       total 179712K, used 165359K [0x00000000c0000000, 0x00000000caf80000, 0x00000000eab00000)
  object space 179712K, 92% used [0x00000000c0000000,0x00000000ca17be10,0x00000000caf80000)
 Metaspace       used 100433K, committed 101760K, reserved 1146880K
  class space    used 9356K, committed 9984K, reserved 1048576K
}
Event: 14448.310 GC heap before
{Heap before GC invocations=15822 (full 401):
 PSYoungGen      total 10752K, used 10400K [0x00000000eab00000, 0x00000000ebc00000, 0x0000000100000000)
  eden space 10240K, 100% used [0x00000000eab00000,0x00000000eb500000,0x00000000eb500000)
  from space 512K, 31% used [0x00000000ebb80000,0x00000000ebba8000,0x00000000ebc00000)
  to   space 512K, 0% used [0x00000000ebb00000,0x00000000ebb00000,0x00000000ebb80000)
 ParOldGen       total 179712K, used 165359K [0x00000000c0000000, 0x00000000caf80000, 0x00000000eab00000)
  object space 179712K, 92% used [0x00000000c0000000,0x00000000ca17be10,0x00000000caf80000)
 Metaspace       used 100444K, committed 101760K, reserved 1146880K
  class space    used 9356K, committed 9984K, reserved 1048576K
}

